{"/mnt/c/Users/thoma/Documents/Training/minecraft-clone/src/js/adder.js": {"path":"/mnt/c/Users/thoma/Documents/Training/minecraft-clone/src/js/adder.js","statementMap":{"0":{"start":{"line":1,"column":14},"end":{"line":1,"column":29}},"1":{"start":{"line":1,"column":24},"end":{"line":1,"column":29}}},"fnMap":{"0":{"name":"(anonymous_0)","decl":{"start":{"line":1,"column":14},"end":{"line":1,"column":15}},"loc":{"start":{"line":1,"column":24},"end":{"line":1,"column":29}},"line":1}},"branchMap":{},"s":{"0":1,"1":1},"f":{"0":1},"b":{},"_coverageSchema":"1a1c01bbd47fc00a2c39e90264f33305004495a9","hash":"f6c86ffcb99fca0540a2f3d4fca9c1e78d8fafa1"}
}
